<?xml version="1.0" encoding="UTF-8"?>
<testng-results ignored="0" total="1" passed="1" failed="0" skipped="0">
  <reporter-output>
  </reporter-output>
  <suite started-at="2020-09-12T13:54:25Z" name="Default suite" finished-at="2020-09-12T13:54:25Z" duration-ms="25">
    <groups>
    </groups>
    <test started-at="2020-09-12T13:54:25Z" name="Default test" finished-at="2020-09-12T13:54:25Z" duration-ms="25">
      <class name="CoolTesters.CursoSelenium.AppTest">
        <test-method signature="shouldAnswerWithTrue()[pri:0, instance:CoolTesters.CursoSelenium.AppTest@290222c1]" started-at="2020-09-12T08:54:25Z" name="shouldAnswerWithTrue" finished-at="2020-09-12T08:54:25Z" duration-ms="10" status="PASS">
          <reporter-output>
          </reporter-output>
        </test-method> <!-- shouldAnswerWithTrue -->
      </class> <!-- CoolTesters.CursoSelenium.AppTest -->
    </test> <!-- Default test -->
  </suite> <!-- Default suite -->
</testng-results>
